◇ injected env (0) from .env // tip: ⌘ multiple files { path: ['.env.local', '.env'] }
Backend server running on port 3001
Connected to MySQL database.
GOT DISTANCE: D:8.04
Distance Data: D:8.04
Distance Data Received: D:8.04
GOT DISTANCE: D:8.04
Distance Data: D:8.04
Distance Data Received: D:8.04
GOT DISTANCE: D:8.04
Distance Data: D:8.04
Distance Data Received: D:8.04
GOT DISTANCE: D:8.04
Distance Data: D:8.04
Distance Data Received: D:8.04
GOT DISTANCE: D:8.04
Distance Data: D:8.04
Distance Data Received: D:8.04
GOT DISTANCE: D:8.04
Distance Data: D:8.04
Distance Data Received: D:8.04
GOT DISTANCE: D:8.04
Distance Data: D:8.04
Distance Data Received: D:8.04
GOT DISTANCE: D:8.04
Distance Data: D:8.04
Distance Data Received: D:8.04
GOT DISTANCE: D:8.06
Distance Data: D:8.06
Distance Data Received: D:8.06
GOT DISTANCE: D:8.06
Distance Data: D:8.06
Distance Data Received: D:8.06
GOT DISTANCE: D:8.04
Distance Data: D:8.04
Distance Data Received: D:8.04
GOT DISTANCE: D:8.04
Distance Data: D:8.04
Distance Data Received: D:8.04
GOT DISTANCE: D:8.04
Distance Data: D:8.04
Distance Data Received: D:8.04
GOT DISTANCE: D:8.04
Distance Data: D:8.04
Distance Data Received: D:8.04
GOT DISTANCE: D:8.04
Distance Data: D:8.04
Distance Data Received: D:8.04
GOT DISTANCE: D:8.06
Distance Data: D:8.06
Distance Data Received: D:8.06
GOT DISTANCE: D:8.06
Distance Data: D:8.06
Distance Data Received: D:8.06
GOT DISTANCE: D:8.04
Distance Data: D:8.04
Distance Data Received: D:8.04
GOT DISTANCE: D:8.04
Distance Data: D:8.04
Distance Data Received: D:8.04
GOT DISTANCE: D:8.04
Distance Data: D:8.04
Distance Data Received: D:8.04
GOT DISTANCE: D:8.04
Distance Data: D:8.04
Distance Data Received: D:8.04
GOT DISTANCE: D:8.04
Distance Data: D:8.04
Distance Data Received: D:8.04
GOT DISTANCE: D:8.04
Distance Data: D:8.04
Distance Data Received: D:8.04
GOT DISTANCE: D:8.04
Distance Data: D:8.04
Distance Data Received: D:8.04
GOT DISTANCE: D:8.06
Distance Data: D:8.06
Distance Data Received: D:8.06
